Using pre-set license
Built from '2022.3/staging' branch; Version is '2022.3.14f1 (eff2de9070d8) revision 15725278'; Using compiler version '192829333'; Build Type 'Release'
OS: 'Windows 11  (10.0.22631) 64bit CoreSingleLanguage' Language: 'ru' Physical Memory: 7834 MB
BatchMode: 1, IsHumanControllingUs: 0, StartBugReporterOnCrash: 0, Is64bit: 1, IsPro: 1

COMMAND LINE ARGUMENTS:
C:\Games\Проги\2022.3.14f1\Editor\Unity.exe
-adb2
-batchMode
-noUpm
-name
AssetImportWorker1
-projectPath
C:/Users/Дмитрий/Documents/GitHub/Apel/New Apel
-logFile
Logs/AssetImportWorker1.log
-srvPort
60094
Successfully changed project path to: C:/Users/Дмитрий/Documents/GitHub/Apel/New Apel
C:/Users/Дмитрий/Documents/GitHub/Apel/New Apel
[UnityMemory] Configuration Parameters - Can be set up in boot.config
    "memorysetup-bucket-allocator-granularity=16"
    "memorysetup-bucket-allocator-bucket-count=8"
    "memorysetup-bucket-allocator-block-size=33554432"
    "memorysetup-bucket-allocator-block-count=8"
    "memorysetup-main-allocator-block-size=16777216"
    "memorysetup-thread-allocator-block-size=16777216"
    "memorysetup-gfx-main-allocator-block-size=16777216"
    "memorysetup-gfx-thread-allocator-block-size=16777216"
    "memorysetup-cache-allocator-block-size=4194304"
    "memorysetup-typetree-allocator-block-size=2097152"
    "memorysetup-profiler-bucket-allocator-granularity=16"
    "memorysetup-profiler-bucket-allocator-bucket-count=8"
    "memorysetup-profiler-bucket-allocator-block-size=33554432"
    "memorysetup-profiler-bucket-allocator-block-count=8"
    "memorysetup-profiler-allocator-block-size=16777216"
    "memorysetup-profiler-editor-allocator-block-size=1048576"
    "memorysetup-temp-allocator-size-main=16777216"
    "memorysetup-job-temp-allocator-block-size=2097152"
    "memorysetup-job-temp-allocator-block-size-background=1048576"
    "memorysetup-job-temp-allocator-reduction-small-platforms=262144"
    "memorysetup-allocator-temp-initial-block-size-main=262144"
    "memorysetup-allocator-temp-initial-block-size-worker=262144"
    "memorysetup-temp-allocator-size-background-worker=32768"
    "memorysetup-temp-allocator-size-job-worker=262144"
    "memorysetup-temp-allocator-size-preload-manager=33554432"
    "memorysetup-temp-allocator-size-nav-mesh-worker=65536"
    "memorysetup-temp-allocator-size-audio-worker=65536"
    "memorysetup-temp-allocator-size-cloud-worker=32768"
    "memorysetup-temp-allocator-size-gi-baking-worker=262144"
    "memorysetup-temp-allocator-size-gfx=262144"
Player connection [21144] Host "[IP] 192.168.1.206 [Port] 0 [Flags] 2 [Guid] 593953399 [EditorId] 593953399 [Version] 1048832 [Id] WindowsEditor(7,LAPTOP-CIDBG1AL) [Debug] 1 [PackageName] WindowsEditor [ProjectName] Editor" joined multi-casting on [225.0.0.222:54997]...

Player connection [21144] Host "[IP] 192.168.1.206 [Port] 0 [Flags] 2 [Guid] 593953399 [EditorId] 593953399 [Version] 1048832 [Id] WindowsEditor(7,LAPTOP-CIDBG1AL) [Debug] 1 [PackageName] WindowsEditor [ProjectName] Editor" joined alternative multi-casting on [225.0.0.222:34997]...

[Physics::Module] Initialized MultithreadedJobDispatcher with 3 workers.
Refreshing native plugins compatible for Editor in 30.45 ms, found 3 plugins.
Preloading 0 native plugins for Editor in 0.00 ms.
Initialize engine version: 2022.3.14f1 (eff2de9070d8)
[Subsystems] Discovering subsystems at path C:/Games/Проги/2022.3.14f1/Editor/Data/Resources/UnitySubsystems
[Subsystems] Discovering subsystems at path C:/Users/Дмитрий/Documents/GitHub/Apel/New Apel/Assets
GfxDevice: creating device client; threaded=0; jobified=0
Direct3D:
    Version:  Direct3D 11.0 [level 11.1]
    Renderer: Intel(R) UHD Graphics (ID=0x9a78)
    Vendor:   Intel
    VRAM:     3917 MB
    Driver:   31.0.101.5186
Initialize mono
Mono path[0] = 'C:/Games/Проги/2022.3.14f1/Editor/Data/Managed'
Mono path[1] = 'C:/Games/Проги/2022.3.14f1/Editor/Data/MonoBleedingEdge/lib/mono/unityjit-win32'
Mono config path = 'C:/Games/Проги/2022.3.14f1/Editor/Data/MonoBleedingEdge/etc'
Using monoOptions --debugger-agent=transport=dt_socket,embedding=1,server=y,suspend=n,address=127.0.0.1:56304
Begin MonoManager ReloadAssembly
Registering precompiled unity dll's ...
Register platform support module: C:/Games/Проги/2022.3.14f1/Editor/Data/PlaybackEngines/WindowsStandaloneSupport/UnityEditor.WindowsStandalone.Extensions.dll
Registered in 0.030612 seconds.
- Loaded All Assemblies, in  1.431 seconds
Native extension for WindowsStandalone target not found
Mono: successfully reloaded assembly
- Finished resetting the current domain, in  0.789 seconds
Domain Reload Profiling: 2217ms
	BeginReloadAssembly (489ms)
		ExecutionOrderSort (0ms)
		DisableScriptedObjects (0ms)
		BackupInstance (0ms)
		ReleaseScriptingObjects (0ms)
		CreateAndSetChildDomain (3ms)
	RebuildCommonClasses (77ms)
	RebuildNativeTypeToScriptingClass (25ms)
	initialDomainReloadingComplete (230ms)
	LoadAllAssembliesAndSetupDomain (606ms)
		LoadAssemblies (483ms)
		RebuildTransferFunctionScriptingTraits (0ms)
		AnalyzeDomain (599ms)
			TypeCache.Refresh (596ms)
				TypeCache.ScanAssembly (557ms)
			ScanForSourceGeneratedMonoScriptInfo (2ms)
			ResolveRequiredComponents (1ms)
	FinalizeReload (790ms)
		ReleaseScriptCaches (0ms)
		RebuildScriptCaches (0ms)
		SetupLoadedEditorAssemblies (595ms)
			LogAssemblyErrors (0ms)
			InitializePlatformSupportModulesInManaged (42ms)
			SetLoadedEditorAssemblies (25ms)
			RefreshPlugins (0ms)
			BeforeProcessingInitializeOnLoad (9ms)
			ProcessInitializeOnLoadAttributes (400ms)
			ProcessInitializeOnLoadMethodAttributes (118ms)
			AfterProcessingInitializeOnLoad (0ms)
			EditorAssembliesLoaded (0ms)
		ExecutionOrderSort2 (0ms)
		AwakeInstancesAfterBackupRestoration (0ms)
========================================================================
Worker process is ready to serve import requests
Begin MonoManager ReloadAssembly
- Loaded All Assemblies, in  1.678 seconds
Refreshing native plugins compatible for Editor in 9.42 ms, found 3 plugins.
Native extension for WindowsStandalone target not found
Mono: successfully reloaded assembly
- Finished resetting the current domain, in  1.097 seconds
Domain Reload Profiling: 2767ms
	BeginReloadAssembly (446ms)
		ExecutionOrderSort (0ms)
		DisableScriptedObjects (11ms)
		BackupInstance (0ms)
		ReleaseScriptingObjects (0ms)
		CreateAndSetChildDomain (67ms)
	RebuildCommonClasses (241ms)
	RebuildNativeTypeToScriptingClass (39ms)
	initialDomainReloadingComplete (108ms)
	LoadAllAssembliesAndSetupDomain (835ms)
		LoadAssemblies (555ms)
		RebuildTransferFunctionScriptingTraits (0ms)
		AnalyzeDomain (519ms)
			TypeCache.Refresh (513ms)
				TypeCache.ScanAssembly (487ms)
			ScanForSourceGeneratedMonoScriptInfo (3ms)
			ResolveRequiredComponents (1ms)
	FinalizeReload (1098ms)
		ReleaseScriptCaches (0ms)
		RebuildScriptCaches (0ms)
		SetupLoadedEditorAssemblies (773ms)
			LogAssemblyErrors (0ms)
			InitializePlatformSupportModulesInManaged (16ms)
			SetLoadedEditorAssemblies (9ms)
			RefreshPlugins (0ms)
			BeforeProcessingInitializeOnLoad (251ms)
			ProcessInitializeOnLoadAttributes (432ms)
			ProcessInitializeOnLoadMethodAttributes (46ms)
			AfterProcessingInitializeOnLoad (18ms)
			EditorAssembliesLoaded (0ms)
		ExecutionOrderSort2 (0ms)
		AwakeInstancesAfterBackupRestoration (17ms)
Launched and connected shader compiler UnityShaderCompiler.exe after 0.21 seconds
Refreshing native plugins compatible for Editor in 6.69 ms, found 3 plugins.
Preloading 0 native plugins for Editor in 0.00 ms.
Unloading 3318 Unused Serialized files (Serialized files now loaded: 0)
Unloading 23 unused Assets / (32.2 KB). Loaded Objects now: 3812.
Memory consumption went from 143.3 MB to 143.2 MB.
Total: 5.099200 ms (FindLiveObjects: 0.347300 ms CreateObjectMapping: 0.180500 ms MarkObjects: 4.441100 ms  DeleteObjects: 0.128200 ms)

AssetImportParameters requested are different than current active one (requested -> active):
  custom:container-muxer-webm: aa71ff27fc2769a1b78a27578f13a17b -> 
  custom:video-encoder-webm-vp8: eb34c28f22e8b96e1ab97ce403110664 -> 
  custom:audio-encoder-webm-vorbis: bf7c407c2cedff20999df2af8eb42d56 -> 
  custom:container-demuxer-ogg: 62fdf1f143b41e24485cea50d1cbac27 -> 
  custom:video-decoder-webm-vp8: 9c59270c3fd7afecdb556c50c9e8de78 -> 
  custom:audio-decoder-ogg-vorbis: bf7c407c2cedff20999df2af8eb42d56 -> 
  custom:AudioImporter_EditorPlatform: d09bf68614088b80899f8185d706f6e7 -> 
  custom:video-decoder-ogg-theora: a1e56fd34408186e4bbccfd4996cb3dc -> 
  custom:container-demuxer-webm: 4f35f7cbe854078d1ac9338744f61a02 -> 
  custom:framework-win-MediaFoundation: 216162199b28c13a410421893ffa2e32 -> 
========================================================================
Received Import Request.
  Time since last request: 76078.774243 seconds.
  path: Assets/importdata/Walking_Backwards.fbx
  artifactKey: Guid(9dd19eba0b2c6f34da02fc727474600b) Importer(815301076,1909f56bfc062723c751e8b465ee728b)
Start importing Assets/importdata/Walking_Backwards.fbx using Guid(9dd19eba0b2c6f34da02fc727474600b) Importer(815301076,1909f56bfc062723c751e8b465ee728b)  -> (artifact id: '4bc3b3d62df433d26c49cdc9f9a3673f') in 0.694305 seconds
Number of updated asset objects reloaded before import = 0
Number of asset objects unloaded after import = 165
========================================================================
Received Import Request.
  Time since last request: 0.000070 seconds.
  path: Assets/importdata/2024-05-30_22-29-25.png
  artifactKey: Guid(c06ab4d7a76db474197036c900039b75) Importer(815301076,1909f56bfc062723c751e8b465ee728b)
Start importing Assets/importdata/2024-05-30_22-29-25.png using Guid(c06ab4d7a76db474197036c900039b75) Importer(815301076,1909f56bfc062723c751e8b465ee728b)  -> (artifact id: '4ca12d5bfde9627ba8c21e99e29cea9d') in 0.068495 seconds
Number of updated asset objects reloaded before import = 0
Number of asset objects unloaded after import = 3
========================================================================
Received Import Request.
  Time since last request: 0.000344 seconds.
  path: Assets/importdata/2024-05-30_19-36-51.png
  artifactKey: Guid(99c0f61b1ebb56b4f88287b1a7537da8) Importer(815301076,1909f56bfc062723c751e8b465ee728b)
Start importing Assets/importdata/2024-05-30_19-36-51.png using Guid(99c0f61b1ebb56b4f88287b1a7537da8) Importer(815301076,1909f56bfc062723c751e8b465ee728b)  -> (artifact id: 'b2444f273b60d2bc3516806c993af2e3') in 0.033882 seconds
Number of updated asset objects reloaded before import = 0
Number of asset objects unloaded after import = 3
========================================================================
Received Import Request.
  Time since last request: 0.000345 seconds.
  path: Assets/importdata/Peasant Girl.fbx
  artifactKey: Guid(a6012618755f6a64d9cfe07e1744deea) Importer(815301076,1909f56bfc062723c751e8b465ee728b)
Start importing Assets/importdata/Peasant Girl.fbx using Guid(a6012618755f6a64d9cfe07e1744deea) Importer(815301076,1909f56bfc062723c751e8b465ee728b)  -> (artifact id: '8f47f0cb15836702a4d8655188c21242') in 0.154125 seconds
Number of updated asset objects reloaded before import = 0
Number of asset objects unloaded after import = 148
========================================================================
Received Import Request.
  Time since last request: 0.000034 seconds.
  path: Assets/importdata/Maria J J Ong.fbx
  artifactKey: Guid(5d00b0c93960f3244a9215a870b309ca) Importer(815301076,1909f56bfc062723c751e8b465ee728b)
Start importing Assets/importdata/Maria J J Ong.fbx using Guid(5d00b0c93960f3244a9215a870b309ca) Importer(815301076,1909f56bfc062723c751e8b465ee728b)  -> (artifact id: 'fa9fdd9d875f300994c27cb2a05a9684') in 0.192884 seconds
Number of updated asset objects reloaded before import = 0
Number of asset objects unloaded after import = 140
========================================================================
Received Import Request.
  Time since last request: 79.902596 seconds.
  path: Assets/Character/image 2.png
  artifactKey: Guid(34eabe2a51e151b4eab4c0045e2f5aab) Importer(815301076,1909f56bfc062723c751e8b465ee728b)
Start importing Assets/Character/image 2.png using Guid(34eabe2a51e151b4eab4c0045e2f5aab) Importer(815301076,1909f56bfc062723c751e8b465ee728b)  -> (artifact id: 'ebe8d2d9826a27bc3833928c9c41d049') in 0.038486 seconds
Number of updated asset objects reloaded before import = 0
Number of asset objects unloaded after import = 3
========================================================================
Received Import Request.
  Time since last request: 0.001656 seconds.
  path: Assets/Character/NewLayer 2.terrainlayer
  artifactKey: Guid(4b6ae22af609db542b7f74b2fa8ae70d) Importer(815301076,1909f56bfc062723c751e8b465ee728b)
Start importing Assets/Character/NewLayer 2.terrainlayer using Guid(4b6ae22af609db542b7f74b2fa8ae70d) Importer(815301076,1909f56bfc062723c751e8b465ee728b)  -> (artifact id: 'ff82628473d7c42d7d6675ca6b4e67a0') in 0.112696 seconds
Number of updated asset objects reloaded before import = 0
Number of asset objects unloaded after import = 2
========================================================================
Received Import Request.
  Time since last request: 0.000046 seconds.
  path: Assets/Character/NewLayer 3.terrainlayer
  artifactKey: Guid(2c12446e5d704f944aba2aac8d389811) Importer(815301076,1909f56bfc062723c751e8b465ee728b)
Start importing Assets/Character/NewLayer 3.terrainlayer using Guid(2c12446e5d704f944aba2aac8d389811) Importer(815301076,1909f56bfc062723c751e8b465ee728b)  -> (artifact id: 'eb165352b459bd8354c0d8c477bbce30') in 0.045684 seconds
Number of updated asset objects reloaded before import = 0
Number of asset objects unloaded after import = 2
========================================================================
Received Import Request.
  Time since last request: 0.000031 seconds.
  path: Assets/Character/MinimapTexture.renderTexture
  artifactKey: Guid(fd6c94f8b98e8514a838623cd02d07fa) Importer(815301076,1909f56bfc062723c751e8b465ee728b)
Start importing Assets/Character/MinimapTexture.renderTexture using Guid(fd6c94f8b98e8514a838623cd02d07fa) Importer(815301076,1909f56bfc062723c751e8b465ee728b)  -> (artifact id: '829ce2e543f153a42d173e3e3c127066') in 0.028389 seconds
Number of updated asset objects reloaded before import = 0
Number of asset objects unloaded after import = 2
========================================================================
Received Import Request.
  Time since last request: 0.000026 seconds.
  path: Assets/Character/NewLayer.terrainlayer
  artifactKey: Guid(1f7ea7c148afdcc419835940240c3bf4) Importer(815301076,1909f56bfc062723c751e8b465ee728b)
Start importing Assets/Character/NewLayer.terrainlayer using Guid(1f7ea7c148afdcc419835940240c3bf4) Importer(815301076,1909f56bfc062723c751e8b465ee728b)  -> (artifact id: '08dd2fd4545c9423aac1630a70c7c2c6') in 0.028516 seconds
Number of updated asset objects reloaded before import = 0
Number of asset objects unloaded after import = 2
========================================================================
Received Import Request.
  Time since last request: 0.000042 seconds.
  path: Assets/Character/NewLayer 6.terrainlayer
  artifactKey: Guid(7b79e68b997fed44fb806a475bc2c64d) Importer(815301076,1909f56bfc062723c751e8b465ee728b)
Start importing Assets/Character/NewLayer 6.terrainlayer using Guid(7b79e68b997fed44fb806a475bc2c64d) Importer(815301076,1909f56bfc062723c751e8b465ee728b)  -> (artifact id: '135a082f033efb6b4fc92030f0a410e5') in 0.019899 seconds
Number of updated asset objects reloaded before import = 0
Number of asset objects unloaded after import = 2
========================================================================
Received Import Request.
  Time since last request: 0.000025 seconds.
  path: Assets/Character/oldsold_packed0_gloss.png
  artifactKey: Guid(d92c4dfe647eaca42bdb3cc76d002b96) Importer(815301076,1909f56bfc062723c751e8b465ee728b)
Start importing Assets/Character/oldsold_packed0_gloss.png using Guid(d92c4dfe647eaca42bdb3cc76d002b96) Importer(815301076,1909f56bfc062723c751e8b465ee728b)  -> (artifact id: 'fca138dbe17a43a47faf2afcea45ef43') in 0.035223 seconds
Number of updated asset objects reloaded before import = 0
Number of asset objects unloaded after import = 2
========================================================================
Received Import Request.
  Time since last request: 0.000247 seconds.
  path: Assets/Character/oldsold_packed0_specular.png
  artifactKey: Guid(2d16762b9368c354ba483e8708e03b3e) Importer(815301076,1909f56bfc062723c751e8b465ee728b)
Start importing Assets/Character/oldsold_packed0_specular.png using Guid(2d16762b9368c354ba483e8708e03b3e) Importer(815301076,1909f56bfc062723c751e8b465ee728b)  -> (artifact id: '7762f11251975857a83d040804324b0d') in 0.056124 seconds
Number of updated asset objects reloaded before import = 0
Number of asset objects unloaded after import = 2
========================================================================
Received Import Request.
  Time since last request: 0.000357 seconds.
  path: Assets/Character/oldsold_packed1_specular.png
  artifactKey: Guid(852bac0087a3da341a3f54411a4df17d) Importer(815301076,1909f56bfc062723c751e8b465ee728b)
Start importing Assets/Character/oldsold_packed1_specular.png using Guid(852bac0087a3da341a3f54411a4df17d) Importer(815301076,1909f56bfc062723c751e8b465ee728b)  -> (artifact id: 'aeb31726bee6289729bf7bccdbf54cf2') in 0.036403 seconds
Number of updated asset objects reloaded before import = 0
Number of asset objects unloaded after import = 2
========================================================================
Received Import Request.
  Time since last request: 0.000028 seconds.
  path: Assets/Character/NewLayer 5.terrainlayer
  artifactKey: Guid(959a3b426881d774f8ee49ece4c3714e) Importer(815301076,1909f56bfc062723c751e8b465ee728b)
Start importing Assets/Character/NewLayer 5.terrainlayer using Guid(959a3b426881d774f8ee49ece4c3714e) Importer(815301076,1909f56bfc062723c751e8b465ee728b)  -> (artifact id: 'f25ed147b4d8971df9ef6cb89256b759') in 0.025950 seconds
Number of updated asset objects reloaded before import = 0
Number of asset objects unloaded after import = 2
========================================================================
Received Import Request.
  Time since last request: 0.000020 seconds.
  path: Assets/Character/oldsold_packed0_diffuse.png
  artifactKey: Guid(21c5f6f1fe31b9541b46efe9261a9f5f) Importer(815301076,1909f56bfc062723c751e8b465ee728b)
Start importing Assets/Character/oldsold_packed0_diffuse.png using Guid(21c5f6f1fe31b9541b46efe9261a9f5f) Importer(815301076,1909f56bfc062723c751e8b465ee728b)  -> (artifact id: '912c795fe5c989bc8dabc0f316962b1c') in 0.040018 seconds
Number of updated asset objects reloaded before import = 0
Number of asset objects unloaded after import = 2
========================================================================
Received Import Request.
  Time since last request: 0.000046 seconds.
  path: Assets/Character/NewLayer 4.terrainlayer
  artifactKey: Guid(e8f1951d74c666f4ea963979d77dcf5d) Importer(815301076,1909f56bfc062723c751e8b465ee728b)
Start importing Assets/Character/NewLayer 4.terrainlayer using Guid(e8f1951d74c666f4ea963979d77dcf5d) Importer(815301076,1909f56bfc062723c751e8b465ee728b)  -> (artifact id: '55ff546250f47848fcc3a362a769918d') in 0.026326 seconds
Number of updated asset objects reloaded before import = 0
Number of asset objects unloaded after import = 2
========================================================================
Received Import Request.
  Time since last request: 0.000272 seconds.
  path: Assets/Character/oldsold_packed1_gloss.png
  artifactKey: Guid(c6a9710e01fae684b8eb48f90b7482f4) Importer(815301076,1909f56bfc062723c751e8b465ee728b)
Start importing Assets/Character/oldsold_packed1_gloss.png using Guid(c6a9710e01fae684b8eb48f90b7482f4) Importer(815301076,1909f56bfc062723c751e8b465ee728b)  -> (artifact id: 'cd0f495307742554945b46a10703f5e3') in 0.057295 seconds
Number of updated asset objects reloaded before import = 0
Number of asset objects unloaded after import = 2
========================================================================
Received Import Request.
  Time since last request: 0.000020 seconds.
  path: Assets/Character/NewLayer 1.terrainlayer
  artifactKey: Guid(7729020922ed1bc4a923e43264274117) Importer(815301076,1909f56bfc062723c751e8b465ee728b)
Start importing Assets/Character/NewLayer 1.terrainlayer using Guid(7729020922ed1bc4a923e43264274117) Importer(815301076,1909f56bfc062723c751e8b465ee728b)  -> (artifact id: '7e9ea36abc1014662699dba14dddcd9a') in 0.020000 seconds
Number of updated asset objects reloaded before import = 0
Number of asset objects unloaded after import = 2
========================================================================
Received Import Request.
  Time since last request: 0.000026 seconds.
  path: Assets/Character/strelka.png
  artifactKey: Guid(aa75dc6ae2251a640b9cc16d41beb0be) Importer(815301076,1909f56bfc062723c751e8b465ee728b)
Start importing Assets/Character/strelka.png using Guid(aa75dc6ae2251a640b9cc16d41beb0be) Importer(815301076,1909f56bfc062723c751e8b465ee728b)  -> (artifact id: '9e5c893539c0cd3558b3b6a0c3383813') in 0.051358 seconds
Number of updated asset objects reloaded before import = 0
Number of asset objects unloaded after import = 3
========================================================================
Received Import Request.
  Time since last request: 0.000023 seconds.
  path: Assets/Character/oldsold_packed1_diffuse.png
  artifactKey: Guid(1648ebf08bb69684e98173325cb8bc65) Importer(815301076,1909f56bfc062723c751e8b465ee728b)
Start importing Assets/Character/oldsold_packed1_diffuse.png using Guid(1648ebf08bb69684e98173325cb8bc65) Importer(815301076,1909f56bfc062723c751e8b465ee728b)  -> (artifact id: '3103757718d51c692bb53aaa999d8d47') in 0.054887 seconds
Number of updated asset objects reloaded before import = 0
Number of asset objects unloaded after import = 2
========================================================================
Received Prepare
Refreshing native plugins compatible for Editor in 9.78 ms, found 3 plugins.
Preloading 0 native plugins for Editor in 0.00 ms.
Unloading 0 Unused Serialized files (Serialized files now loaded: 0)
Unloading 0 unused Assets / (0 B). Loaded Objects now: 3870.
Memory consumption went from 93.8 MB to 93.8 MB.
Total: 2.966200 ms (FindLiveObjects: 0.276400 ms CreateObjectMapping: 0.100600 ms MarkObjects: 2.577500 ms  DeleteObjects: 0.010300 ms)

Prepare: number of updated asset objects reloaded= 0
AssetImportParameters requested are different than current active one (requested -> active):
  custom:container-muxer-webm: aa71ff27fc2769a1b78a27578f13a17b -> 
  custom:video-encoder-webm-vp8: eb34c28f22e8b96e1ab97ce403110664 -> 
  custom:audio-encoder-webm-vorbis: bf7c407c2cedff20999df2af8eb42d56 -> 
  custom:container-demuxer-ogg: 62fdf1f143b41e24485cea50d1cbac27 -> 
  custom:video-decoder-webm-vp8: 9c59270c3fd7afecdb556c50c9e8de78 -> 
  custom:audio-decoder-ogg-vorbis: bf7c407c2cedff20999df2af8eb42d56 -> 
  custom:AudioImporter_EditorPlatform: d09bf68614088b80899f8185d706f6e7 -> 
  custom:video-decoder-ogg-theora: a1e56fd34408186e4bbccfd4996cb3dc -> 
  custom:container-demuxer-webm: 4f35f7cbe854078d1ac9338744f61a02 -> 
  custom:CustomObjectIndexerAttribute: 756ad292c208cfabdd7b50bc23989ffe -> 
  custom:framework-win-MediaFoundation: 216162199b28c13a410421893ffa2e32 -> 
  custom:SearchIndexIgnoredProperties: e643bd26f0fe6173181afceb89e7c659 -> 
